<?xml version="1.0" encoding="UTF-8"?>
<!-- Generated by org.testng.reporters.JUnitXMLReporter -->
<testsuite ignored="2" hostname="TWINH-LAP-827" failures="1" tests="1" name="Test1" time="1.121" errors="0" timestamp="2022-03-16T17:45:09 IST">
  <testcase classname="DataDrivenTestScripts.LoginTest" name="Login_QA_ValidCredentails" time="1.032">
    <failure type="java.lang.NullPointerException">
      <![CDATA[java.lang.NullPointerException
at java.base/java.util.Objects.requireNonNull(Objects.java:208)
at org.openqa.selenium.support.ui.FluentWait.<init>(FluentWait.java:106)
at org.openqa.selenium.support.ui.WebDriverWait.<init>(WebDriverWait.java:85)
at org.openqa.selenium.support.ui.WebDriverWait.<init>(WebDriverWait.java:45)
at CommonCode.Common.GetText(Common.java:38)
at DataDrivenPom.Login.LoginWithValidCredentails(Login.java:53)
at DataDrivenTestScripts.LoginTest.Login_QA_ValidCredentails(LoginTest.java:50)
at java.base/java.util.ArrayList.forEach(ArrayList.java:1511)
... Removed 27 stack frames]]>
    </failure>
  </testcase> <!-- Login_QA_ValidCredentails -->
  <testcase classname="DataDrivenTestScripts.LoginTest" name="Login_QA_INValidCredentails" time="0.0">
    <ignored/>
  </testcase> <!-- Login_QA_INValidCredentails -->
  <testcase classname="DataDrivenTestScripts.LoginTest" name="Login_QA_WithBlankValue" time="0.0">
    <ignored/>
  </testcase> <!-- Login_QA_WithBlankValue -->
</testsuite> <!-- Test1 -->
