<?xml version="1.0" encoding="UTF-8"?>
<!-- Generated by org.testng.reporters.JUnitXMLReporter -->
<testsuite ignored="3" hostname="TWINH-LAP-827" failures="0" tests="0" time="0.015" errors="0" timestamp="2022-02-19T13:16:59 IST">
  <testcase classname="DataDrivenTestScripts.login" name="Login_QA_INValidCredentails" time="0.0">
    <ignored/>
  </testcase> <!-- Login_QA_INValidCredentails -->
  <testcase classname="DataDrivenTestScripts.login" name="Login_QA_WithBlankValues" time="0.0">
    <ignored/>
  </testcase> <!-- Login_QA_WithBlankValues -->
  <testcase classname="DataDrivenTestScripts.login" name="Login_QA_ValidCredentails" time="0.0">
    <ignored/>
  </testcase> <!-- Login_QA_ValidCredentails -->
</testsuite>
