<?xml version="1.0" encoding="UTF-8"?>
<!-- Generated by org.testng.reporters.JUnitXMLReporter -->
<testsuite ignored="2" hostname="TWINH-LAP-827" failures="0" tests="1" name="Test1" time="1.446" errors="0" timestamp="2022-03-18T17:59:20 IST">
  <testcase classname="DataDrivenTestScripts.LoginTest" name="Login_QA_ValidCredentails" time="1.422"/>
  <testcase classname="DataDrivenTestScripts.LoginTest" name="Login_QA_INValidCredentails" time="0.0">
    <ignored/>
  </testcase> <!-- Login_QA_INValidCredentails -->
  <testcase classname="DataDrivenTestScripts.LoginTest" name="Login_QA_WithBlankValue" time="0.0">
    <ignored/>
  </testcase> <!-- Login_QA_WithBlankValue -->
</testsuite> <!-- Test1 -->
